<?xml version="1.0" encoding="UTF-8"?>
<robot generator="Robot 7.0 (Python 3.12.1 on win32)" generated="2024-01-29T10:40:13.146247" rpa="false" schemaversion="5">
<suite id="s1" name="Test" source="c:\Users\acer\OneDrive - University of Phayao\เดสก์ท็อป\QuizRobot\test.robot">
<kw name="Open Browser" owner="SeleniumLibrary" type="SETUP">
<msg time="2024-01-29T10:40:13.502318" level="INFO">Opening browser 'firefox' to base url 'https://automationexercise.com/'.</msg>
<arg>https://automationexercise.com/</arg>
<doc>Opens a new browser instance to the optional ``url``.</doc>
<status status="PASS" start="2024-01-29T10:40:13.502318" elapsed="9.076764"/>
</kw>
<test id="s1-t1" name="Perform Web Automation" line="23">
<kw name="Click Element" owner="SeleniumLibrary">
<msg time="2024-01-29T10:40:22.583234" level="INFO">Clicking element '//a[@href='/products']'.</msg>
<arg>//a[@href='/products']</arg>
<doc>Click the element identified by ``locator``.</doc>
<status status="PASS" start="2024-01-29T10:40:22.580722" elapsed="0.072039"/>
</kw>
<kw name="Wait Until Page Contains Element" owner="SeleniumLibrary">
<arg>css:h2.title.text-center</arg>
<doc>Waits until the element ``locator`` appears on the current page.</doc>
<status status="PASS" start="2024-01-29T10:40:22.652761" elapsed="0.031888"/>
</kw>
<kw name="Wait Until Page Contains Element" owner="SeleniumLibrary">
<msg time="2024-01-29T10:40:28.051812" level="INFO" html="true">&lt;/td&gt;&lt;/tr&gt;&lt;tr&gt;&lt;td colspan="3"&gt;&lt;a href="selenium-screenshot-49.png"&gt;&lt;img src="selenium-screenshot-49.png" width="800px"&gt;&lt;/a&gt;</msg>
<msg time="2024-01-29T10:40:28.051812" level="FAIL">Element '//input[@name='search']' did not appear in 5 seconds.</msg>
<arg>//input[@name='search']</arg>
<doc>Waits until the element ``locator`` appears on the current page.</doc>
<status status="FAIL" start="2024-01-29T10:40:22.684649" elapsed="5.373344">Element '//input[@name='search']' did not appear in 5 seconds.</status>
</kw>
<kw name="Input Text" owner="SeleniumLibrary">
<arg>//input[@name='search']</arg>
<arg>Men</arg>
<doc>Types the given ``text`` into the text field identified by ``locator``.</doc>
<status status="NOT RUN" start="2024-01-29T10:40:28.067482" elapsed="0.000000"/>
</kw>
<kw name="Click Button" owner="SeleniumLibrary">
<arg>//button[@type='button']</arg>
<doc>Clicks the button identified by ``locator``.</doc>
<status status="NOT RUN" start="2024-01-29T10:40:28.080105" elapsed="0.000000"/>
</kw>
<kw name="Wait Until Page Contains Element" owner="SeleniumLibrary">
<arg>css:h2.title.text-center</arg>
<doc>Waits until the element ``locator`` appears on the current page.</doc>
<status status="NOT RUN" start="2024-01-29T10:40:28.082679" elapsed="0.000000"/>
</kw>
<kw name="Click Element" owner="SeleniumLibrary">
<arg>//a[@class='btn btn-default add-to-cart']</arg>
<doc>Click the element identified by ``locator``.</doc>
<status status="NOT RUN" start="2024-01-29T10:40:28.085995" elapsed="0.000000"/>
</kw>
<kw name="Click Element" owner="SeleniumLibrary">
<arg>css:a[href='/view_cart']</arg>
<doc>Click the element identified by ``locator``.</doc>
<status status="NOT RUN" start="2024-01-29T10:40:28.089760" elapsed="0.000000"/>
</kw>
<kw name="Wait Until Page Contains" owner="SeleniumLibrary">
<arg>Men</arg>
<doc>Waits until ``text`` appears on the current page.</doc>
<status status="NOT RUN" start="2024-01-29T10:40:28.092823" elapsed="0.000694"/>
</kw>
<kw name="Click Element" owner="SeleniumLibrary">
<arg>//a[@href='/login']</arg>
<doc>Click the element identified by ``locator``.</doc>
<status status="NOT RUN" start="2024-01-29T10:40:28.094634" elapsed="0.004422"/>
</kw>
<kw name="INPUT_EMAIL">
<arg>${EMAIL}</arg>
<status status="NOT RUN" start="2024-01-29T10:40:28.099056" elapsed="0.000000"/>
</kw>
<kw name="INPUT_PASSWORD">
<arg>${PASSWORD}</arg>
<status status="NOT RUN" start="2024-01-29T10:40:28.109802" elapsed="0.000776"/>
</kw>
<kw name="Click Button" owner="SeleniumLibrary">
<arg>//button[text()='Login']</arg>
<doc>Clicks the button identified by ``locator``.</doc>
<status status="NOT RUN" start="2024-01-29T10:40:28.116017" elapsed="0.000000"/>
</kw>
<kw name="Click Element" owner="SeleniumLibrary">
<arg>//a[@href='/view_cart']</arg>
<doc>Click the element identified by ``locator``.</doc>
<status status="NOT RUN" start="2024-01-29T10:40:28.120386" elapsed="0.001501"/>
</kw>
<kw name="Wait Until Page Contains" owner="SeleniumLibrary">
<arg>Men</arg>
<doc>Waits until ``text`` appears on the current page.</doc>
<status status="NOT RUN" start="2024-01-29T10:40:28.126943" elapsed="0.000681"/>
</kw>
<kw name="Close Browser" owner="SeleniumLibrary">
<doc>Closes the current browser.</doc>
<status status="NOT RUN" start="2024-01-29T10:40:28.140936" elapsed="0.002242"/>
</kw>
<status status="FAIL" start="2024-01-29T10:40:22.580032" elapsed="5.570315">Element '//input[@name='search']' did not appear in 5 seconds.</status>
</test>
<doc>This is a sample test suite using Robot Framework</doc>
<status status="FAIL" start="2024-01-29T10:40:13.154310" elapsed="15.006848"/>
</suite>
<statistics>
<total>
<stat pass="0" fail="1" skip="0">All Tests</stat>
</total>
<tag>
</tag>
<suite>
<stat pass="0" fail="1" skip="0" id="s1" name="Test">Test</stat>
</suite>
</statistics>
<errors>
</errors>
</robot>
